<?xml version="1.0" encoding="UTF-8"?>
<testng-results ignored="0" total="5" passed="4" failed="1" skipped="0">
  <reporter-output>
  </reporter-output>
  <suite started-at="2026-03-29T19:58:29 IST" name="Automation Test Store" finished-at="2026-03-29T19:59:22 IST" duration-ms="53400">
    <groups>
    </groups>
    <test started-at="2026-03-29T19:58:29 IST" name="Automation Smoke Testing" finished-at="2026-03-29T19:59:22 IST" duration-ms="53400">
      <class name="com.qa.chroma.testcase.HomePageTestCase">
        <test-method is-config="true" signature="setup()[pri:0, instance:com.qa.chroma.testcase.HomePageTestCase@563f38c4]" started-at="2026-03-29T19:58:30 IST" name="setup" finished-at="2026-03-29T19:58:37 IST" duration-ms="7637" status="PASS">
          <reporter-output>
          </reporter-output>
        </test-method> <!-- setup -->
        <test-method signature="verifytitlePageTest()[pri:1, instance:com.qa.chroma.testcase.HomePageTestCase@563f38c4]" started-at="2026-03-29T19:58:37 IST" name="verifytitlePageTest" finished-at="2026-03-29T19:58:37 IST" duration-ms="40" status="PASS">
          <reporter-output>
          </reporter-output>
        </test-method> <!-- verifytitlePageTest -->
        <test-method signature="getSearchTest(java.lang.String)[pri:2, instance:com.qa.chroma.testcase.HomePageTestCase@563f38c4]" started-at="2026-03-29T19:58:38 IST" name="getSearchTest" data-provider="geDataExcel" finished-at="2026-03-29T19:58:59 IST" duration-ms="21034" status="PASS">
          <params>
            <param index="0">
              <value>
                <![CDATA[Refrigerator]]>
              </value>
            </param>
          </params>
          <reporter-output>
          </reporter-output>
        </test-method> <!-- getSearchTest -->
        <test-method signature="selectBrandDropdownTest()[pri:3, instance:com.qa.chroma.testcase.HomePageTestCase@563f38c4]" started-at="2026-03-29T19:58:59 IST" name="selectBrandDropdownTest" finished-at="2026-03-29T19:59:01 IST" duration-ms="2495" status="PASS">
          <reporter-output>
          </reporter-output>
        </test-method> <!-- selectBrandDropdownTest -->
        <test-method signature="verifyDiscountSortingTest()[pri:4, instance:com.qa.chroma.testcase.HomePageTestCase@563f38c4]" started-at="2026-03-29T19:59:01 IST" name="verifyDiscountSortingTest" finished-at="2026-03-29T19:59:22 IST" duration-ms="20338" status="FAIL">
          <exception class="org.openqa.selenium.TimeoutException">
            <message>
              <![CDATA[Expected condition failed: waiting for element to be clickable: [[ChromeDriver: chrome on windows (193c3df4f14c1cbe2fe3bc3b2586bd75)] -> xpath: (//*[text()='Featured'])[1]] (tried for 20 second(s) with 500 milliseconds interval)
Build info: version: '4.27.0', revision: 'd6e718d134'
System info: os.name: 'Windows 11', os.arch: 'amd64', os.version: '10.0', java.version: '17.0.7'
Driver info: org.openqa.selenium.chrome.ChromeDriver
Capabilities {acceptInsecureCerts: false, browserName: chrome, browserVersion: 146.0.7680.165, chrome: {chromedriverVersion: 146.0.7680.165 (4b989da09e1..., userDataDir: C:\Users\patil\AppData\Loca...}, fedcm:accounts: true, goog:chromeOptions: {debuggerAddress: localhost:61491}, goog:processID: 19272, networkConnectionEnabled: false, pageLoadStrategy: normal, platformName: windows, proxy: Proxy(), se:cdp: ws://localhost:61491/devtoo..., se:cdpVersion: 146.0.7680.165, setWindowRect: true, strictFileInteractability: false, timeouts: {implicit: 0, pageLoad: 300000, script: 30000}, unhandledPromptBehavior: dismiss and notify, webauthn:extension:credBlob: true, webauthn:extension:largeBlob: true, webauthn:extension:minPinLength: true, webauthn:extension:prf: true, webauthn:virtualAuthenticators: true}
Session ID: 193c3df4f14c1cbe2fe3bc3b2586bd75]]>
            </message>
            <full-stacktrace>
              <![CDATA[org.openqa.selenium.TimeoutException: Expected condition failed: waiting for element to be clickable: [[ChromeDriver: chrome on windows (193c3df4f14c1cbe2fe3bc3b2586bd75)] -> xpath: (//*[text()='Featured'])[1]] (tried for 20 second(s) with 500 milliseconds interval)
Build info: version: '4.27.0', revision: 'd6e718d134'
System info: os.name: 'Windows 11', os.arch: 'amd64', os.version: '10.0', java.version: '17.0.7'
Driver info: org.openqa.selenium.chrome.ChromeDriver
Capabilities {acceptInsecureCerts: false, browserName: chrome, browserVersion: 146.0.7680.165, chrome: {chromedriverVersion: 146.0.7680.165 (4b989da09e1..., userDataDir: C:\Users\patil\AppData\Loca...}, fedcm:accounts: true, goog:chromeOptions: {debuggerAddress: localhost:61491}, goog:processID: 19272, networkConnectionEnabled: false, pageLoadStrategy: normal, platformName: windows, proxy: Proxy(), se:cdp: ws://localhost:61491/devtoo..., se:cdpVersion: 146.0.7680.165, setWindowRect: true, strictFileInteractability: false, timeouts: {implicit: 0, pageLoad: 300000, script: 30000}, unhandledPromptBehavior: dismiss and notify, webauthn:extension:credBlob: true, webauthn:extension:largeBlob: true, webauthn:extension:minPinLength: true, webauthn:extension:prf: true, webauthn:virtualAuthenticators: true}
Session ID: 193c3df4f14c1cbe2fe3bc3b2586bd75
at org.openqa.selenium.support.ui.WebDriverWait.timeoutException(WebDriverWait.java:84)
at org.openqa.selenium.support.ui.FluentWait.until(FluentWait.java:228)
at com.qa.chroma.page.HomePage.applyDiscountSort(HomePage.java:119)
at com.qa.chroma.testcase.HomePageTestCase.verifyDiscountSortingTest(HomePageTestCase.java:59)
at java.base/jdk.internal.reflect.NativeMethodAccessorImpl.invoke0(Native Method)
at java.base/jdk.internal.reflect.NativeMethodAccessorImpl.invoke(NativeMethodAccessorImpl.java:77)
at java.base/jdk.internal.reflect.DelegatingMethodAccessorImpl.invoke(DelegatingMethodAccessorImpl.java:43)
at java.base/java.lang.reflect.Method.invoke(Method.java:568)
at org.testng.internal.invokers.MethodInvocationHelper.invokeMethod(MethodInvocationHelper.java:139)
at org.testng.internal.invokers.TestInvoker.invokeMethod(TestInvoker.java:664)
at org.testng.internal.invokers.TestInvoker.invokeTestMethod(TestInvoker.java:228)
at org.testng.internal.invokers.MethodRunner.runInSequence(MethodRunner.java:63)
at org.testng.internal.invokers.TestInvoker$MethodInvocationAgent.invoke(TestInvoker.java:961)
at org.testng.internal.invokers.TestInvoker.invokeTestMethods(TestInvoker.java:201)
at org.testng.internal.invokers.TestMethodWorker.invokeTestMethods(TestMethodWorker.java:148)
at org.testng.internal.invokers.TestMethodWorker.run(TestMethodWorker.java:128)
at java.base/java.util.ArrayList.forEach(ArrayList.java:1511)
at org.testng.TestRunner.privateRun(TestRunner.java:819)
at org.testng.TestRunner.run(TestRunner.java:619)
at org.testng.SuiteRunner.runTest(SuiteRunner.java:443)
at org.testng.SuiteRunner.runSequentially(SuiteRunner.java:437)
at org.testng.SuiteRunner.privateRun(SuiteRunner.java:397)
at org.testng.SuiteRunner.run(SuiteRunner.java:336)
at org.testng.SuiteRunnerWorker.runSuite(SuiteRunnerWorker.java:52)
at org.testng.SuiteRunnerWorker.run(SuiteRunnerWorker.java:95)
at org.testng.TestNG.runSuitesSequentially(TestNG.java:1301)
at org.testng.TestNG.runSuitesLocally(TestNG.java:1228)
at org.testng.TestNG.runSuites(TestNG.java:1134)
at org.testng.TestNG.run(TestNG.java:1101)
at org.testng.remote.AbstractRemoteTestNG.run(AbstractRemoteTestNG.java:115)
at org.testng.remote.RemoteTestNG.initAndRun(RemoteTestNG.java:293)
at org.testng.remote.RemoteTestNG.main(RemoteTestNG.java:91)
]]>
            </full-stacktrace>
          </exception> <!-- org.openqa.selenium.TimeoutException -->
          <reporter-output>
          </reporter-output>
        </test-method> <!-- verifyDiscountSortingTest -->
        <test-method signature="verifyAveragePriceOfTop10DiscountedProducts()[pri:5, instance:com.qa.chroma.testcase.HomePageTestCase@563f38c4]" started-at="2026-03-29T19:59:22 IST" name="verifyAveragePriceOfTop10DiscountedProducts" finished-at="2026-03-29T19:59:22 IST" duration-ms="264" status="PASS">
          <reporter-output>
          </reporter-output>
        </test-method> <!-- verifyAveragePriceOfTop10DiscountedProducts -->
        <test-method is-config="true" signature="teardown()[pri:0, instance:com.qa.chroma.testcase.HomePageTestCase@563f38c4]" started-at="2026-03-29T19:59:22 IST" name="teardown" finished-at="2026-03-29T19:59:22 IST" duration-ms="316" status="PASS">
          <reporter-output>
          </reporter-output>
        </test-method> <!-- teardown -->
      </class> <!-- com.qa.chroma.testcase.HomePageTestCase -->
    </test> <!-- Automation Smoke Testing -->
  </suite> <!-- Automation Test Store -->
</testng-results>
