<?xml version="1.0" encoding="UTF-8"?>
<!-- Generated by org.testng.reporters.JUnitXMLReporter -->
<testsuite ignored="0" hostname="Aarav" failures="1" tests="5" name="Automation Smoke Testing" time="53.4" errors="0" timestamp="2026-03-29T19:59:22 IST">
  <testcase classname="com.qa.chroma.testcase.HomePageTestCase" name="verifytitlePageTest" time="0.04"/>
  <testcase classname="com.qa.chroma.testcase.HomePageTestCase" name="getSearchTest" time="21.034"/>
  <testcase classname="com.qa.chroma.testcase.HomePageTestCase" name="selectBrandDropdownTest" time="2.495"/>
  <testcase classname="com.qa.chroma.testcase.HomePageTestCase" name="verifyDiscountSortingTest" time="20.338">
    <failure type="org.openqa.selenium.TimeoutException" message="Expected condition failed: waiting for element to be clickable: [[ChromeDriver: chrome on windows (193c3df4f14c1cbe2fe3bc3b2586bd75)] -&amp;gt; xpath: (//*[text()=&amp;apos;Featured&amp;apos;])[1]] (tried for 20 second(s) with 500 milliseconds interval)
Build info: version: &amp;apos;4.27.0&amp;apos;, revision: &amp;apos;d6e718d134&amp;apos;
System info: os.name: &amp;apos;Windows 11&amp;apos;, os.arch: &amp;apos;amd64&amp;apos;, os.version: &amp;apos;10.0&amp;apos;, java.version: &amp;apos;17.0.7&amp;apos;
Driver info: org.openqa.selenium.chrome.ChromeDriver
Capabilities {acceptInsecureCerts: false, browserName: chrome, browserVersion: 146.0.7680.165, chrome: {chromedriverVersion: 146.0.7680.165 (4b989da09e1..., userDataDir: C:\Users\patil\AppData\Loca...}, fedcm:accounts: true, goog:chromeOptions: {debuggerAddress: localhost:61491}, goog:processID: 19272, networkConnectionEnabled: false, pageLoadStrategy: normal, platformName: windows, proxy: Proxy(), se:cdp: ws://localhost:61491/devtoo..., se:cdpVersion: 146.0.7680.165, setWindowRect: true, strictFileInteractability: false, timeouts: {implicit: 0, pageLoad: 300000, script: 30000}, unhandledPromptBehavior: dismiss and notify, webauthn:extension:credBlob: true, webauthn:extension:largeBlob: true, webauthn:extension:minPinLength: true, webauthn:extension:prf: true, webauthn:virtualAuthenticators: true}
Session ID: 193c3df4f14c1cbe2fe3bc3b2586bd75">
      <![CDATA[org.openqa.selenium.TimeoutException: Expected condition failed: waiting for element to be clickable: [[ChromeDriver: chrome on windows (193c3df4f14c1cbe2fe3bc3b2586bd75)] -> xpath: (//*[text()='Featured'])[1]] (tried for 20 second(s) with 500 milliseconds interval)
Build info: version: '4.27.0', revision: 'd6e718d134'
System info: os.name: 'Windows 11', os.arch: 'amd64', os.version: '10.0', java.version: '17.0.7'
Driver info: org.openqa.selenium.chrome.ChromeDriver
Capabilities {acceptInsecureCerts: false, browserName: chrome, browserVersion: 146.0.7680.165, chrome: {chromedriverVersion: 146.0.7680.165 (4b989da09e1..., userDataDir: C:\Users\patil\AppData\Loca...}, fedcm:accounts: true, goog:chromeOptions: {debuggerAddress: localhost:61491}, goog:processID: 19272, networkConnectionEnabled: false, pageLoadStrategy: normal, platformName: windows, proxy: Proxy(), se:cdp: ws://localhost:61491/devtoo..., se:cdpVersion: 146.0.7680.165, setWindowRect: true, strictFileInteractability: false, timeouts: {implicit: 0, pageLoad: 300000, script: 30000}, unhandledPromptBehavior: dismiss and notify, webauthn:extension:credBlob: true, webauthn:extension:largeBlob: true, webauthn:extension:minPinLength: true, webauthn:extension:prf: true, webauthn:virtualAuthenticators: true}
Session ID: 193c3df4f14c1cbe2fe3bc3b2586bd75
at org.openqa.selenium.support.ui.WebDriverWait.timeoutException(WebDriverWait.java:84)
at org.openqa.selenium.support.ui.FluentWait.until(FluentWait.java:228)
at com.qa.chroma.page.HomePage.applyDiscountSort(HomePage.java:119)
at com.qa.chroma.testcase.HomePageTestCase.verifyDiscountSortingTest(HomePageTestCase.java:59)
at java.base/java.util.ArrayList.forEach(ArrayList.java:1511)
... Removed 27 stack frames]]>
    </failure>
  </testcase> <!-- verifyDiscountSortingTest -->
  <testcase classname="com.qa.chroma.testcase.HomePageTestCase" name="verifyAveragePriceOfTop10DiscountedProducts" time="0.264"/>
</testsuite> <!-- Automation Smoke Testing -->
